#
# There is insufficient memory for the Java Runtime Environment to continue.
# Native memory allocation (malloc) failed to allocate 214816 bytes for Chunk::new
# Possible reasons:
#   The system is out of physical RAM or swap space
#   The process is running with CompressedOops enabled, and the Java Heap may be blocking the growth of the native heap
# Possible solutions:
#   Reduce memory load on the system
#   Increase physical memory or swap space
#   Check if swap backing store is full
#   Decrease Java heap size (-Xmx/-Xms)
#   Decrease number of Java threads
#   Decrease Java thread stack sizes (-Xss)
#   Set larger code cache with -XX:ReservedCodeCacheSize=
#   JVM is running with Unscaled Compressed Oops mode in which the Java heap is
#     placed in the first 4GB address space. The Java Heap base address is the
#     maximum limit for the native heap growth. Please use -XX:HeapBaseMinAddress
#     to set the Java Heap base and to place the Java Heap above 4GB virtual address.
# This output file may be truncated or incomplete.
#
#  Out of Memory Error (arena.cpp:197), pid=18728, tid=12204
#
# JRE version: OpenJDK Runtime Environment Microsoft-8035250 (11.0.20+8) (build 11.0.20+8-LTS)
# Java VM: OpenJDK 64-Bit Server VM Microsoft-8035250 (11.0.20+8-LTS, mixed mode, tiered, compressed oops, g1 gc, windows-amd64)
# No core dump will be written. Minidumps are not enabled by default on client versions of Windows
#

---------------  S U M M A R Y ------------

Command Line: -Xmx64m -Xms64m -Dorg.gradle.appname=gradlew org.gradle.wrapper.GradleWrapperMain tasks

Host: Intel(R) Core(TM) i3-10110U CPU @ 2.10GHz, 4 cores, 3G,  Windows 11 , 64 bit Build 22621 (10.0.22621.2215)
Time: Wed Oct  4 22:59:58 2023 India Standard Time elapsed time: 4.573069 seconds (0d 0h 0m 4s)

---------------  T H R E A D  ---------------

Current thread (0x000001e375f05000):  JavaThread "C2 CompilerThread0" daemon [_thread_in_native, id=12204, stack(0x0000005d7cf00000,0x0000005d7d000000)]


Current CompileTask:
C2:   4573 1449       4       jdk.internal.org.objectweb.asm.Item::set (219 bytes)

Stack: [0x0000005d7cf00000,0x0000005d7d000000]
Native frames: (J=compiled Java code, j=interpreted, Vv=VM code, C=native code)
V  [jvm.dll+0x62e9da]
V  [jvm.dll+0x7bc4e9]
V  [jvm.dll+0x7bdbd8]
V  [jvm.dll+0x7be2b3]
V  [jvm.dll+0x2505a8]
V  [jvm.dll+0xc263c]
V  [jvm.dll+0xc2bfc]
V  [jvm.dll+0x2c56a4]
V  [jvm.dll+0x536a1c]
V  [jvm.dll+0x209056]
V  [jvm.dll+0x20b17f]
V  [jvm.dll+0x20881b]
V  [jvm.dll+0x18a7de]
V  [jvm.dll+0x2181ec]
V  [jvm.dll+0x21642b]
V  [jvm.dll+0x77efc0]
V  [jvm.dll+0x777db4]
V  [jvm.dll+0x62d845]
C  [ucrtbase.dll+0x29363]
C  [KERNEL32.DLL+0x1257d]
C  [ntdll.dll+0x5aa68]


---------------  P R O C E S S  ---------------

Threads class SMR info:
_java_thread_list=0x000001e377099cb0, length=13, elements={
0x000001e35b879000, 0x000001e375ea0000, 0x000001e375ea1800, 0x000001e375eff800,
0x000001e375f01800, 0x000001e375f04000, 0x000001e375f05000, 0x000001e376049000,
0x000001e37606c800, 0x000001e376194800, 0x000001e376f72800, 0x000001e37708e000,
0x000001e37720d800
}

Java Threads: ( => current thread )
  0x000001e35b879000 JavaThread "main" [_thread_blocked, id=22000, stack(0x0000005d7c200000,0x0000005d7c300000)]
  0x000001e375ea0000 JavaThread "Reference Handler" daemon [_thread_blocked, id=16948, stack(0x0000005d7ca00000,0x0000005d7cb00000)]
  0x000001e375ea1800 JavaThread "Finalizer" daemon [_thread_blocked, id=20640, stack(0x0000005d7cb00000,0x0000005d7cc00000)]
  0x000001e375eff800 JavaThread "Signal Dispatcher" daemon [_thread_blocked, id=20804, stack(0x0000005d7cc00000,0x0000005d7cd00000)]
  0x000001e375f01800 JavaThread "Attach Listener" daemon [_thread_blocked, id=20832, stack(0x0000005d7cd00000,0x0000005d7ce00000)]
  0x000001e375f04000 JavaThread "Service Thread" daemon [_thread_blocked, id=20812, stack(0x0000005d7ce00000,0x0000005d7cf00000)]
=>0x000001e375f05000 JavaThread "C2 CompilerThread0" daemon [_thread_in_native, id=12204, stack(0x0000005d7cf00000,0x0000005d7d000000)]
  0x000001e376049000 JavaThread "C1 CompilerThread0" daemon [_thread_blocked, id=10440, stack(0x0000005d7d000000,0x0000005d7d100000)]
  0x000001e37606c800 JavaThread "Sweeper thread" daemon [_thread_blocked, id=13724, stack(0x0000005d7d100000,0x0000005d7d200000)]
  0x000001e376194800 JavaThread "Common-Cleaner" daemon [_thread_blocked, id=20788, stack(0x0000005d7d300000,0x0000005d7d400000)]
  0x000001e376f72800 JavaThread "pool-1-thread-1" [_thread_blocked, id=18792, stack(0x0000005d7d500000,0x0000005d7d600000)]
  0x000001e37708e000 JavaThread "Exec process" [_thread_in_vm, id=88, stack(0x0000005d7d600000,0x0000005d7d700000)]
  0x000001e37720d800 JavaThread "DisconnectableInputStream source reader" daemon [_thread_new, id=18812, stack(0x0000000000000000,0x0000000000000000)]

Other Threads:
  0x000001e375e68000 VMThread "VM Thread" [stack: 0x0000005d7c900000,0x0000005d7ca00000] [id=21880] _threads_hazard_ptr=0x000001e377099cb0
  0x000001e376188000 WatcherThread [stack: 0x0000005d7d200000,0x0000005d7d300000] [id=20448]
  0x000001e35b893000 GCTaskThread "GC Thread#0" [stack: 0x0000005d7c400000,0x0000005d7c500000] [id=21440]
  0x000001e3765a1800 GCTaskThread "GC Thread#1" [stack: 0x0000005d7d400000,0x0000005d7d500000] [id=13760]
  0x000001e35b899800 ConcurrentGCThread "G1 Main Marker" [stack: 0x0000005d7c500000,0x0000005d7c600000] [id=15844]
  0x000001e35b89c000 ConcurrentGCThread "G1 Conc#0" [stack: 0x0000005d7c600000,0x0000005d7c700000] [id=17792]
  0x000001e35b8f1800 ConcurrentGCThread "G1 Refine#0" [stack: 0x0000005d7c700000,0x0000005d7c800000] [id=21812]
  0x000001e35b8f2800 ConcurrentGCThread "G1 Young RemSet Sampling" [stack: 0x0000005d7c800000,0x0000005d7c900000] [id=21448]

Threads with active compile tasks:
C2 CompilerThread0     4609 1449       4       jdk.internal.org.objectweb.asm.Item::set (219 bytes)

VM state:synchronizing (normal execution)

VM Mutex/Monitor currently owned by a thread:  ([mutex/lock_event])
[0x000001e35b875a80] Safepoint_lock - owner thread: 0x000001e375e68000
[0x000001e35b875b10] Threads_lock - owner thread: 0x000001e375e68000

Heap address: 0x00000000fc000000, size: 64 MB, Compressed Oops mode: 32-bit
Narrow klass base: 0x0000000000000000, Narrow klass shift: 3
Compressed class space size: 1073741824 Address: 0x0000000100000000

Heap:
 garbage-first heap   total 65536K, used 41211K [0x00000000fc000000, 0x0000000100000000)
  region size 1024K, 37 young (37888K), 2 survivors (2048K)
 Metaspace       used 16195K, capacity 16543K, committed 16896K, reserved 1064960K
  class space    used 1788K, capacity 1923K, committed 2048K, reserved 1048576K
Heap Regions: E=young(eden), S=young(survivor), O=old, HS=humongous(starts), HC=humongous(continues), CS=collection set, F=free, A=archive, TAMS=top-at-mark-start (previous, next)
|   0|0x00000000fc000000, 0x00000000fc100000, 0x00000000fc100000|100%| O|  |TAMS 0x00000000fc000000, 0x00000000fc000000| Untracked 
|   1|0x00000000fc100000, 0x00000000fc13ec00, 0x00000000fc200000| 24%| O|  |TAMS 0x00000000fc100000, 0x00000000fc100000| Untracked 
|   2|0x00000000fc200000, 0x00000000fc300000, 0x00000000fc300000|100%|HS|  |TAMS 0x00000000fc200000, 0x00000000fc200000| Complete 
|   3|0x00000000fc300000, 0x00000000fc400000, 0x00000000fc400000|100%|HC|  |TAMS 0x00000000fc300000, 0x00000000fc300000| Complete 
|   4|0x00000000fc400000, 0x00000000fc500000, 0x00000000fc500000|100%|HC|  |TAMS 0x00000000fc400000, 0x00000000fc400000| Complete 
|   5|0x00000000fc500000, 0x00000000fc600000, 0x00000000fc600000|100%|HC|  |TAMS 0x00000000fc500000, 0x00000000fc500000| Complete 
|   6|0x00000000fc600000, 0x00000000fc600000, 0x00000000fc700000|  0%| F|  |TAMS 0x00000000fc600000, 0x00000000fc600000| Untracked 
|   7|0x00000000fc700000, 0x00000000fc700000, 0x00000000fc800000|  0%| F|  |TAMS 0x00000000fc700000, 0x00000000fc700000| Untracked 
|   8|0x00000000fc800000, 0x00000000fc800000, 0x00000000fc900000|  0%| F|  |TAMS 0x00000000fc800000, 0x00000000fc800000| Untracked 
|   9|0x00000000fc900000, 0x00000000fc900000, 0x00000000fca00000|  0%| F|  |TAMS 0x00000000fc900000, 0x00000000fc900000| Untracked 
|  10|0x00000000fca00000, 0x00000000fca00000, 0x00000000fcb00000|  0%| F|  |TAMS 0x00000000fca00000, 0x00000000fca00000| Untracked 
|  11|0x00000000fcb00000, 0x00000000fcb00000, 0x00000000fcc00000|  0%| F|  |TAMS 0x00000000fcb00000, 0x00000000fcb00000| Untracked 
|  12|0x00000000fcc00000, 0x00000000fcc00000, 0x00000000fcd00000|  0%| F|  |TAMS 0x00000000fcc00000, 0x00000000fcc00000| Untracked 
|  13|0x00000000fcd00000, 0x00000000fcd00000, 0x00000000fce00000|  0%| F|  |TAMS 0x00000000fcd00000, 0x00000000fcd00000| Untracked 
|  14|0x00000000fce00000, 0x00000000fce00000, 0x00000000fcf00000|  0%| F|  |TAMS 0x00000000fce00000, 0x00000000fce00000| Untracked 
|  15|0x00000000fcf00000, 0x00000000fcf00000, 0x00000000fd000000|  0%| F|  |TAMS 0x00000000fcf00000, 0x00000000fcf00000| Untracked 
|  16|0x00000000fd000000, 0x00000000fd000000, 0x00000000fd100000|  0%| F|  |TAMS 0x00000000fd000000, 0x00000000fd000000| Untracked 
|  17|0x00000000fd100000, 0x00000000fd100000, 0x00000000fd200000|  0%| F|  |TAMS 0x00000000fd100000, 0x00000000fd100000| Untracked 
|  18|0x00000000fd200000, 0x00000000fd200000, 0x00000000fd300000|  0%| F|  |TAMS 0x00000000fd200000, 0x00000000fd200000| Untracked 
|  19|0x00000000fd300000, 0x00000000fd300000, 0x00000000fd400000|  0%| F|  |TAMS 0x00000000fd300000, 0x00000000fd300000| Untracked 
|  20|0x00000000fd400000, 0x00000000fd400000, 0x00000000fd500000|  0%| F|  |TAMS 0x00000000fd400000, 0x00000000fd400000| Untracked 
|  21|0x00000000fd500000, 0x00000000fd500000, 0x00000000fd600000|  0%| F|  |TAMS 0x00000000fd500000, 0x00000000fd500000| Untracked 
|  22|0x00000000fd600000, 0x00000000fd600000, 0x00000000fd700000|  0%| F|  |TAMS 0x00000000fd600000, 0x00000000fd600000| Untracked 
|  23|0x00000000fd700000, 0x00000000fd700000, 0x00000000fd800000|  0%| F|  |TAMS 0x00000000fd700000, 0x00000000fd700000| Untracked 
|  24|0x00000000fd800000, 0x00000000fd800000, 0x00000000fd900000|  0%| F|  |TAMS 0x00000000fd800000, 0x00000000fd800000| Untracked 
|  25|0x00000000fd900000, 0x00000000fd900000, 0x00000000fda00000|  0%| F|  |TAMS 0x00000000fd900000, 0x00000000fd900000| Untracked 
|  26|0x00000000fda00000, 0x00000000fda00000, 0x00000000fdb00000|  0%| F|  |TAMS 0x00000000fda00000, 0x00000000fda00000| Untracked 
|  27|0x00000000fdb00000, 0x00000000fdb5cc98, 0x00000000fdc00000| 36%| E|  |TAMS 0x00000000fdb00000, 0x00000000fdb00000| Complete 
|  28|0x00000000fdc00000, 0x00000000fdd00000, 0x00000000fdd00000|100%| E|CS|TAMS 0x00000000fdc00000, 0x00000000fdc00000| Complete 
|  29|0x00000000fdd00000, 0x00000000fde00000, 0x00000000fde00000|100%| E|CS|TAMS 0x00000000fdd00000, 0x00000000fdd00000| Complete 
|  30|0x00000000fde00000, 0x00000000fdf00000, 0x00000000fdf00000|100%| E|CS|TAMS 0x00000000fde00000, 0x00000000fde00000| Complete 
|  31|0x00000000fdf00000, 0x00000000fe000000, 0x00000000fe000000|100%| E|CS|TAMS 0x00000000fdf00000, 0x00000000fdf00000| Complete 
|  32|0x00000000fe000000, 0x00000000fe100000, 0x00000000fe100000|100%| E|CS|TAMS 0x00000000fe000000, 0x00000000fe000000| Complete 
|  33|0x00000000fe100000, 0x00000000fe200000, 0x00000000fe200000|100%| E|CS|TAMS 0x00000000fe100000, 0x00000000fe100000| Complete 
|  34|0x00000000fe200000, 0x00000000fe300000, 0x00000000fe300000|100%| E|CS|TAMS 0x00000000fe200000, 0x00000000fe200000| Complete 
|  35|0x00000000fe300000, 0x00000000fe400000, 0x00000000fe400000|100%| E|CS|TAMS 0x00000000fe300000, 0x00000000fe300000| Complete 
|  36|0x00000000fe400000, 0x00000000fe500000, 0x00000000fe500000|100%| E|CS|TAMS 0x00000000fe400000, 0x00000000fe400000| Complete 
|  37|0x00000000fe500000, 0x00000000fe600000, 0x00000000fe600000|100%| E|CS|TAMS 0x00000000fe500000, 0x00000000fe500000| Complete 
|  38|0x00000000fe600000, 0x00000000fe700000, 0x00000000fe700000|100%| E|CS|TAMS 0x00000000fe600000, 0x00000000fe600000| Complete 
|  39|0x00000000fe700000, 0x00000000fe800000, 0x00000000fe800000|100%| E|CS|TAMS 0x00000000fe700000, 0x00000000fe700000| Complete 
|  40|0x00000000fe800000, 0x00000000fe900000, 0x00000000fe900000|100%| E|CS|TAMS 0x00000000fe800000, 0x00000000fe800000| Complete 
|  41|0x00000000fe900000, 0x00000000fea00000, 0x00000000fea00000|100%| E|CS|TAMS 0x00000000fe900000, 0x00000000fe900000| Complete 
|  42|0x00000000fea00000, 0x00000000feb00000, 0x00000000feb00000|100%| E|CS|TAMS 0x00000000fea00000, 0x00000000fea00000| Complete 
|  43|0x00000000feb00000, 0x00000000fec00000, 0x00000000fec00000|100%| E|CS|TAMS 0x00000000feb00000, 0x00000000feb00000| Complete 
|  44|0x00000000fec00000, 0x00000000fed00000, 0x00000000fed00000|100%| E|CS|TAMS 0x00000000fec00000, 0x00000000fec00000| Complete 
|  45|0x00000000fed00000, 0x00000000fee00000, 0x00000000fee00000|100%| E|CS|TAMS 0x00000000fed00000, 0x00000000fed00000| Complete 
|  46|0x00000000fee00000, 0x00000000fef00000, 0x00000000fef00000|100%| E|CS|TAMS 0x00000000fee00000, 0x00000000fee00000| Complete 
|  47|0x00000000fef00000, 0x00000000ff000000, 0x00000000ff000000|100%| E|CS|TAMS 0x00000000fef00000, 0x00000000fef00000| Complete 
|  48|0x00000000ff000000, 0x00000000ff100000, 0x00000000ff100000|100%| S|CS|TAMS 0x00000000ff000000, 0x00000000ff000000| Complete 
|  49|0x00000000ff100000, 0x00000000ff200000, 0x00000000ff200000|100%| S|CS|TAMS 0x00000000ff100000, 0x00000000ff100000| Complete 
|  50|0x00000000ff200000, 0x00000000ff300000, 0x00000000ff300000|100%| E|CS|TAMS 0x00000000ff200000, 0x00000000ff200000| Complete 
|  51|0x00000000ff300000, 0x00000000ff400000, 0x00000000ff400000|100%| E|CS|TAMS 0x00000000ff300000, 0x00000000ff300000| Complete 
|  52|0x00000000ff400000, 0x00000000ff500000, 0x00000000ff500000|100%| E|CS|TAMS 0x00000000ff400000, 0x00000000ff400000| Complete 
|  53|0x00000000ff500000, 0x00000000ff600000, 0x00000000ff600000|100%| E|CS|TAMS 0x00000000ff500000, 0x00000000ff500000| Complete 
|  54|0x00000000ff600000, 0x00000000ff700000, 0x00000000ff700000|100%| E|CS|TAMS 0x00000000ff600000, 0x00000000ff600000| Complete 
|  55|0x00000000ff700000, 0x00000000ff800000, 0x00000000ff800000|100%| E|CS|TAMS 0x00000000ff700000, 0x00000000ff700000| Complete 
|  56|0x00000000ff800000, 0x00000000ff900000, 0x00000000ff900000|100%| E|CS|TAMS 0x00000000ff800000, 0x00000000ff800000| Complete 
|  57|0x00000000ff900000, 0x00000000ffa00000, 0x00000000ffa00000|100%| E|CS|TAMS 0x00000000ff900000, 0x00000000ff900000| Complete 
|  58|0x00000000ffa00000, 0x00000000ffb00000, 0x00000000ffb00000|100%| E|CS|TAMS 0x00000000ffa00000, 0x00000000ffa00000| Complete 
|  59|0x00000000ffb00000, 0x00000000ffc00000, 0x00000000ffc00000|100%| E|CS|TAMS 0x00000000ffb00000, 0x00000000ffb00000| Complete 
|  60|0x00000000ffc00000, 0x00000000ffd00000, 0x00000000ffd00000|100%| E|CS|TAMS 0x00000000ffc00000, 0x00000000ffc00000| Complete 
|  61|0x00000000ffd00000, 0x00000000ffe00000, 0x00000000ffe00000|100%| E|  |TAMS 0x00000000ffd00000, 0x00000000ffd00000| Complete 
|  62|0x00000000ffe00000, 0x00000000fff00000, 0x00000000fff00000|100%| E|CS|TAMS 0x00000000ffe00000, 0x00000000ffe00000| Complete 
|  63|0x00000000fff00000, 0x0000000100000000, 0x0000000100000000|100%| E|CS|TAMS 0x00000000fff00000, 0x00000000fff00000| Complete 

Card table byte_map: [0x000001e359830000,0x000001e359850000] _byte_map_base: 0x000001e359050000

Marking Bits (Prev, Next): (CMBitMap*) 0x000001e35b8989d8, (CMBitMap*) 0x000001e35b898a10
 Prev Bits: [0x000001e35b670000, 0x000001e35b770000)
 Next Bits: [0x000001e372ff0000, 0x000001e3730f0000)

Polling page: 0x000001e3597e0000

Metaspace:

Usage:
  Non-class:     14.28 MB capacity,    14.07 MB ( 99%) used,   187.91 KB (  1%) free+waste,    24.25 KB ( <1%) overhead. 
      Class:      1.88 MB capacity,     1.75 MB ( 93%) used,   123.06 KB (  6%) free+waste,    11.81 KB ( <1%) overhead. 
       Both:     16.16 MB capacity,    15.82 MB ( 98%) used,   310.98 KB (  2%) free+waste,    36.06 KB ( <1%) overhead. 

Virtual space:
  Non-class space:       16.00 MB reserved,      14.50 MB ( 91%) committed 
      Class space:        1.00 GB reserved,       2.00 MB ( <1%) committed 
             Both:        1.02 GB reserved,      16.50 MB (  2%) committed 

Chunk freelists:
   Non-Class:  36.00 KB
       Class:  0 bytes
        Both:  36.00 KB

MaxMetaspaceSize: 17179869184.00 GB
CompressedClassSpaceSize: 1.00 GB
Initial GC threshold: 20.80 MB
Current GC threshold: 20.80 MB
CDS: off

CodeHeap 'non-profiled nmethods': size=120064Kb used=600Kb max_used=600Kb free=119463Kb
 bounds [0x000001e36bab0000, 0x000001e36bd20000, 0x000001e372ff0000]
CodeHeap 'profiled nmethods': size=120000Kb used=3007Kb max_used=3007Kb free=116993Kb
 bounds [0x000001e364580000, 0x000001e364870000, 0x000001e36bab0000]
CodeHeap 'non-nmethods': size=5696Kb used=1159Kb max_used=1176Kb free=4536Kb
 bounds [0x000001e363ff0000, 0x000001e364260000, 0x000001e364580000]
 total_blobs=1872 nmethods=1450 adapters=335
 compilation: enabled
              stopped_count=0, restarted_count=0
 full_count=0

Compilation events (20 events):
Event: 4.458 Thread 0x000001e376049000 nmethod 1435 0x000001e36486b410 code [0x000001e36486b5c0, 0x000001e36486b788]
Event: 4.458 Thread 0x000001e376049000 1436       3       java.util.Collections$UnmodifiableMap$UnmodifiableEntrySet$1::next (5 bytes)
Event: 4.460 Thread 0x000001e376049000 nmethod 1436 0x000001e36486b890 code [0x000001e36486baa0, 0x000001e36486c198]
Event: 4.460 Thread 0x000001e376049000 1437       3       java.util.Collections$UnmodifiableMap$UnmodifiableEntrySet$1::next (20 bytes)
Event: 4.461 Thread 0x000001e376049000 nmethod 1437 0x000001e36486c390 code [0x000001e36486c5a0, 0x000001e36486cc38]
Event: 4.484 Thread 0x000001e376049000 1438       3       java.lang.ProcessEnvironment$CheckedEntry::getKey (5 bytes)
Event: 4.484 Thread 0x000001e376049000 nmethod 1438 0x000001e36486ce10 code [0x000001e36486cfe0, 0x000001e36486d2e8]
Event: 4.484 Thread 0x000001e376049000 1439       3       java.lang.ProcessEnvironment$CheckedEntry::getKey (13 bytes)
Event: 4.484 Thread 0x000001e376049000 nmethod 1439 0x000001e36486d410 code [0x000001e36486d5e0, 0x000001e36486d888]
Event: 4.484 Thread 0x000001e376049000 1441       3       java.lang.ProcessEnvironment$EntryComparator::compare (25 bytes)
Event: 4.484 Thread 0x000001e376049000 nmethod 1441 0x000001e36486d990 code [0x000001e36486db80, 0x000001e36486e028]
Event: 4.484 Thread 0x000001e376049000 1440       3       java.lang.ProcessEnvironment$EntryComparator::compare (13 bytes)
Event: 4.485 Thread 0x000001e376049000 nmethod 1440 0x000001e36486e190 code [0x000001e36486e3a0, 0x000001e36486eaa8]
Event: 4.485 Thread 0x000001e376049000 1442       3       java.lang.ProcessEnvironment$CheckedEntry::getValue (5 bytes)
Event: 4.485 Thread 0x000001e376049000 nmethod 1442 0x000001e36486ec90 code [0x000001e36486ee60, 0x000001e36486f168]
Event: 4.485 Thread 0x000001e376049000 1443       3       java.lang.ProcessEnvironment$CheckedEntry::getValue (13 bytes)
Event: 4.485 Thread 0x000001e376049000 nmethod 1443 0x000001e36486f290 code [0x000001e36486f460, 0x000001e36486f708]
Event: 4.565 Thread 0x000001e375f05000 1449       4       jdk.internal.org.objectweb.asm.Item::set (219 bytes)
Event: 4.566 Thread 0x000001e376049000 1450       3       java.lang.invoke.MethodHandles$Lookup::lookupClassOrNull (17 bytes)
Event: 4.566 Thread 0x000001e376049000 nmethod 1450 0x000001e36486f810 code [0x000001e36486f9c0, 0x000001e36486fb38]

GC Heap History (2 events):
Event: 1.074 GC heap before
{Heap before GC invocations=0 (full 0):
 garbage-first heap   total 65536K, used 13312K [0x00000000fc000000, 0x0000000100000000)
  region size 1024K, 14 young (14336K), 0 survivors (0K)
 Metaspace       used 7696K, capacity 7889K, committed 7936K, reserved 1056768K
  class space    used 671K, capacity 754K, committed 768K, reserved 1048576K
}
Event: 1.098 GC heap after
{Heap after GC invocations=1 (full 0):
 garbage-first heap   total 65536K, used 3323K [0x00000000fc000000, 0x0000000100000000)
  region size 1024K, 2 young (2048K), 2 survivors (2048K)
 Metaspace       used 7696K, capacity 7889K, committed 7936K, reserved 1056768K
  class space    used 671K, capacity 754K, committed 768K, reserved 1048576K
}

Deoptimization events (20 events):
Event: 2.617 Thread 0x000001e35b879000 DEOPT PACKING pc=0x000001e3646839b0 sp=0x0000005d7c2f7bd0
Event: 2.617 Thread 0x000001e35b879000 DEOPT UNPACKING pc=0x000001e36403a95e sp=0x0000005d7c2f70e8 mode 0
Event: 2.649 Thread 0x000001e35b879000 Uncommon trap: trap_request=0xffffff4d fr.pc=0x000001e36bb14088 relative=0x00000000000002c8
Event: 2.650 Thread 0x000001e35b879000 Uncommon trap: reason=unstable_if action=reinterpret pc=0x000001e36bb14088 method=java.util.HashMap.getNode(ILjava/lang/Object;)Ljava/util/HashMap$Node; @ 129 c2
Event: 2.650 Thread 0x000001e35b879000 DEOPT PACKING pc=0x000001e36bb14088 sp=0x0000005d7c2fa6d0
Event: 2.650 Thread 0x000001e35b879000 DEOPT UNPACKING pc=0x000001e36403a1af sp=0x0000005d7c2fa5e0 mode 2
Event: 2.650 Thread 0x000001e35b879000 Uncommon trap: trap_request=0xffffffc6 fr.pc=0x000001e36bb027cc relative=0x0000000000000fac
Event: 2.650 Thread 0x000001e35b879000 Uncommon trap: reason=bimorphic_or_optimized_type_check action=maybe_recompile pc=0x000001e36bb027cc method=java.util.HashMap.putVal(ILjava/lang/Object;Ljava/lang/Object;ZZ)Ljava/lang/Object; @ 203 c2
Event: 2.650 Thread 0x000001e35b879000 DEOPT PACKING pc=0x000001e36bb027cc sp=0x0000005d7c2fa650
Event: 2.650 Thread 0x000001e35b879000 DEOPT UNPACKING pc=0x000001e36403a1af sp=0x0000005d7c2fa5e0 mode 2
Event: 3.698 Thread 0x000001e35b879000 Uncommon trap: trap_request=0xffffff4d fr.pc=0x000001e36bb19398 relative=0x00000000000010d8
Event: 3.698 Thread 0x000001e35b879000 Uncommon trap: reason=unstable_if action=reinterpret pc=0x000001e36bb19398 method=java.util.concurrent.ConcurrentHashMap.putVal(Ljava/lang/Object;Ljava/lang/Object;Z)Ljava/lang/Object; @ 256 c2
Event: 3.698 Thread 0x000001e35b879000 DEOPT PACKING pc=0x000001e36bb19398 sp=0x0000005d7c2fc5f0
Event: 3.698 Thread 0x000001e35b879000 DEOPT UNPACKING pc=0x000001e36403a1af sp=0x0000005d7c2fc578 mode 2
Event: 3.993 Thread 0x000001e35b879000 DEOPT PACKING pc=0x000001e36463b251 sp=0x0000005d7c2fc5d0
Event: 3.993 Thread 0x000001e35b879000 DEOPT UNPACKING pc=0x000001e36403a95e sp=0x0000005d7c2fba98 mode 0
Event: 4.044 Thread 0x000001e35b879000 DEOPT PACKING pc=0x000001e364643ea1 sp=0x0000005d7c2fc4e0
Event: 4.044 Thread 0x000001e35b879000 DEOPT UNPACKING pc=0x000001e36403a95e sp=0x0000005d7c2fb9d8 mode 0
Event: 4.201 Thread 0x000001e35b879000 DEOPT PACKING pc=0x000001e36474a8e8 sp=0x0000005d7c2fc290
Event: 4.201 Thread 0x000001e35b879000 DEOPT UNPACKING pc=0x000001e36403a95e sp=0x0000005d7c2fb798 mode 0

Classes redefined (0 events):
No events

Internal exceptions (17 events):
Event: 0.503 Thread 0x000001e35b879000 Exception <a 'java/lang/NoSuchMethodError'{0x00000000ffc50318}: 'int java.lang.invoke.DirectMethodHandle$Holder.invokeStaticInit(java.lang.Object, java.lang.Object)'> (0x00000000ffc50318) thrown at [s\src\hotspot\share\interpreter\linkResolver.cpp, line 773]
Event: 0.583 Thread 0x000001e35b879000 Exception <a 'java/lang/NoSuchMethodError'{0x00000000ffb2b8b8}: 'int java.lang.invoke.DirectMethodHandle$Holder.invokeSpecial(java.lang.Object, java.lang.Object, java.lang.Object, java.lang.Object)'> (0x00000000ffb2b8b8) thrown at [s\src\hotspot\share\interpreter\linkResolver.cpp, line 773]
Event: 0.594 Thread 0x000001e35b879000 Exception <a 'java/lang/NoSuchMethodError'{0x00000000ffb645e8}: 'int java.lang.invoke.DirectMethodHandle$Holder.invokeSpecialIFC(java.lang.Object, java.lang.Object, int)'> (0x00000000ffb645e8) thrown at [s\src\hotspot\share\interpreter\linkResolver.cpp, line 773]
Event: 2.000 Thread 0x000001e35b879000 Implicit null exception at 0x000001e36baf22f5 to 0x000001e36baf26dc
Event: 2.091 Thread 0x000001e35b879000 Exception <a 'java/lang/NoClassDefFoundError'{0x00000000ff6f9460}: org/slf4j/impl/StaticMarkerBinder> (0x00000000ff6f9460) thrown at [s\src\hotspot\share\classfile\systemDictionary.cpp, line 219]
Event: 2.127 Thread 0x000001e35b879000 Exception <a 'java/lang/NoSuchMethodError'{0x00000000ff5fcfa0}: 'java.lang.Object java.lang.invoke.DirectMethodHandle$Holder.invokeVirtual(java.lang.Object, java.lang.Object, java.lang.Object, java.lang.Object, java.lang.Object, java.lang.Object, java.lang.Object)'> (0x00000000ff5fcfa0) thrown at [s\src\hotspot\share\interpreter\linkResolver.cpp, line 773]
Event: 2.130 Thread 0x000001e35b879000 Exception <a 'java/lang/NoSuchMethodError'{0x00000000ff411088}: 'java.lang.Object java.lang.invoke.Invokers$Holder.invoker(java.lang.Object, java.lang.Object, java.lang.Object)'> (0x00000000ff411088) thrown at [s\src\hotspot\share\interpreter\linkResolver.cpp, line 773]
Event: 2.133 Thread 0x000001e35b879000 Exception <a 'java/lang/NoSuchMethodError'{0x00000000ff421c80}: 'void java.lang.invoke.DelegatingMethodHandle$Holder.delegate(java.lang.Object, java.lang.Object, int, java.lang.Object)'> (0x00000000ff421c80) thrown at [s\src\hotspot\share\interpreter\linkResolver.cpp, line 773]
Event: 2.497 Thread 0x000001e35b879000 Exception <a 'java/lang/NoSuchMethodError'{0x00000000feade650}: 'java.lang.Object java.lang.invoke.DirectMethodHandle$Holder.invokeStaticInit(java.lang.Object, java.lang.Object, java.lang.Object)'> (0x00000000feade650) thrown at [s\src\hotspot\share\interpreter\linkResolver.cpp, line 773]
Event: 2.682 Thread 0x000001e35b879000 Exception <a 'java/lang/NoSuchMethodError'{0x00000000fe5de8e8}: 'java.lang.Object java.lang.invoke.DirectMethodHandle$Holder.invokeStaticInit(java.lang.Object, int, int, int, int)'> (0x00000000fe5de8e8) thrown at [s\src\hotspot\share\interpreter\linkResolver.cpp, line 773]
Event: 2.948 Thread 0x000001e35b879000 Exception <a 'java/lang/NoSuchMethodError'{0x00000000fe4a3770}: 'java.lang.Object java.lang.invoke.DirectMethodHandle$Holder.invokeStaticInit(java.lang.Object, java.lang.Object, int, int, int, int)'> (0x00000000fe4a3770) thrown at [s\src\hotspot\share\interpreter\linkResolver.cpp, line 773]
Event: 3.643 Thread 0x000001e35b879000 Exception <a 'java/lang/NoSuchMethodError'{0x00000000fe377c80}: 'void java.lang.invoke.DirectMethodHandle$Holder.invokeSpecial(java.lang.Object, java.lang.Object)'> (0x00000000fe377c80) thrown at [s\src\hotspot\share\interpreter\linkResolver.cpp, line 773]
Event: 4.561 Thread 0x000001e37708e000 Exception <a 'java/lang/NoSuchMethodError'{0x00000000fdb0da58}: 'void java.lang.invoke.DirectMethodHandle$Holder.invokeStatic(java.lang.Object, long)'> (0x00000000fdb0da58) thrown at [s\src\hotspot\share\interpreter\linkResolver.cpp, line 773]
Event: 4.562 Thread 0x000001e37708e000 Exception <a 'java/lang/NoSuchMethodError'{0x00000000fdb12a00}: 'java.lang.Object java.lang.invoke.DirectMethodHandle$Holder.invokeStatic(java.lang.Object, long)'> (0x00000000fdb12a00) thrown at [s\src\hotspot\share\interpreter\linkResolver.cpp, line 773]
Event: 4.565 Thread 0x000001e37708e000 Exception <a 'java/lang/NoSuchMethodError'{0x00000000fdb20aa0}: 'java.lang.Object java.lang.invoke.DirectMethodHandle$Holder.invokeStaticInit(java.lang.Object, java.lang.Object, long, java.lang.Object)'> (0x00000000fdb20aa0) thrown at [s\src\hotspot\share\interpreter\linkResolver.cpp, line 773]
Event: 4.566 Thread 0x000001e37708e000 Exception <a 'java/lang/NoSuchMethodError'{0x00000000fdb26990}: 'java.lang.Object java.lang.invoke.DirectMethodHandle$Holder.invokeStatic(java.lang.Object, java.lang.Object, long)'> (0x00000000fdb26990) thrown at [s\src\hotspot\share\interpreter\linkResolver.cpp, line 773]
Event: 4.567 Thread 0x000001e37708e000 Exception <a 'java/lang/NoSuchMethodError'{0x00000000fdb2cc60}: 'java.lang.Object java.lang.invoke.Invokers$Holder.linkToTargetMethod(java.lang.Object, long, java.lang.Object)'> (0x00000000fdb2cc60) thrown at [s\src\hotspot\share\interpreter\linkResolver.cpp, line 773]

Events (20 events):
Event: 4.460 Executing VM operation: RevokeBias done
Event: 4.460 Executing VM operation: RevokeBias
Event: 4.461 Executing VM operation: RevokeBias done
Event: 4.461 loading class java/lang/ProcessImpl
Event: 4.474 loading class java/lang/Process
Event: 4.481 loading class java/lang/Process done
Event: 4.481 loading class java/lang/ProcessImpl done
Event: 4.562 Executing VM operation: RevokeBias
Event: 4.563 Executing VM operation: RevokeBias done
Event: 4.563 loading class java/lang/ProcessHandleImpl
Event: 4.564 loading class java/lang/ProcessHandle
Event: 4.564 loading class java/lang/ProcessHandle done
Event: 4.564 loading class java/lang/ProcessHandleImpl done
Event: 4.565 Executing VM operation: RevokeBias
Event: 4.565 Executing VM operation: RevokeBias done
Event: 4.566 Executing VM operation: RevokeBias
Event: 4.566 Executing VM operation: RevokeBias done
Event: 4.567 Executing VM operation: RevokeBias
Event: 4.567 Executing VM operation: RevokeBias done
Event: 4.567 loading class java/lang/ProcessImpl$2


Dynamic libraries:
0x00007ff682900000 - 0x00007ff68290d000 	C:\Program Files\Microsoft\jdk-11.0.20.8-hotspot\bin\java.exe
0x00007ffaeee70000 - 0x00007ffaef084000 	C:\WINDOWS\SYSTEM32\ntdll.dll
0x00007ffaecc00000 - 0x00007ffaeccc4000 	C:\WINDOWS\System32\KERNEL32.DLL
0x00007ffaec790000 - 0x00007ffaecb34000 	C:\WINDOWS\System32\KERNELBASE.dll
0x00007ffaec480000 - 0x00007ffaec591000 	C:\WINDOWS\System32\ucrtbase.dll
0x00007ffade170000 - 0x00007ffade187000 	C:\Program Files\Microsoft\jdk-11.0.20.8-hotspot\bin\jli.dll
0x00007ffaeeae0000 - 0x00007ffaeec8e000 	C:\WINDOWS\System32\USER32.dll
0x00007ffaec760000 - 0x00007ffaec786000 	C:\WINDOWS\System32\win32u.dll
0x00007ffaecdf0000 - 0x00007ffaece19000 	C:\WINDOWS\System32\GDI32.dll
0x00007ffaec640000 - 0x00007ffaec758000 	C:\WINDOWS\System32\gdi32full.dll
0x00007ffaec5a0000 - 0x00007ffaec63a000 	C:\WINDOWS\System32\msvcp_win.dll
0x00007ffadd080000 - 0x00007ffadd095000 	C:\Program Files\Microsoft\jdk-11.0.20.8-hotspot\bin\VCRUNTIME140.dll
0x00007ffadc8d0000 - 0x00007ffadcb63000 	C:\WINDOWS\WinSxS\amd64_microsoft.windows.common-controls_6595b64144ccf1df_6.0.22621.2215_none_270d72677387dfc3\COMCTL32.dll
0x00007ffaedf20000 - 0x00007ffaedfc7000 	C:\WINDOWS\System32\msvcrt.dll
0x00007ffaecff0000 - 0x00007ffaed021000 	C:\WINDOWS\System32\IMM32.DLL
0x00007ffa96690000 - 0x00007ffa9672b000 	C:\Program Files\Microsoft\jdk-11.0.20.8-hotspot\bin\msvcp140.dll
0x00007ffa8bc90000 - 0x00007ffa8c826000 	C:\Program Files\Microsoft\jdk-11.0.20.8-hotspot\bin\server\jvm.dll
0x00007ffaecf40000 - 0x00007ffaecff0000 	C:\WINDOWS\System32\ADVAPI32.dll
0x00007ffaece80000 - 0x00007ffaecf26000 	C:\WINDOWS\System32\sechost.dll
0x00007ffaee190000 - 0x00007ffaee2a7000 	C:\WINDOWS\System32\RPCRT4.dll
0x00007ffaecf30000 - 0x00007ffaecf38000 	C:\WINDOWS\System32\PSAPI.DLL
0x00007ffade300000 - 0x00007ffade309000 	C:\WINDOWS\SYSTEM32\WSOCK32.dll
0x00007ffaed7e0000 - 0x00007ffaed851000 	C:\WINDOWS\System32\WS2_32.dll
0x00007ffae41d0000 - 0x00007ffae4204000 	C:\WINDOWS\SYSTEM32\WINMM.dll
0x00007ffae4210000 - 0x00007ffae421a000 	C:\WINDOWS\SYSTEM32\VERSION.dll
0x00007ffaeb1e0000 - 0x00007ffaeb1f8000 	C:\WINDOWS\SYSTEM32\kernel.appcore.dll
0x00007ffadd070000 - 0x00007ffadd080000 	C:\Program Files\Microsoft\jdk-11.0.20.8-hotspot\bin\verify.dll
0x00007ffae9ba0000 - 0x00007ffae9dce000 	C:\WINDOWS\SYSTEM32\DBGHELP.DLL
0x00007ffaedb90000 - 0x00007ffaedf1a000 	C:\WINDOWS\System32\combase.dll
0x00007ffaed6e0000 - 0x00007ffaed7b7000 	C:\WINDOWS\System32\OLEAUT32.dll
0x00007ffae2530000 - 0x00007ffae2562000 	C:\WINDOWS\SYSTEM32\dbgcore.DLL
0x00007ffaec400000 - 0x00007ffaec47a000 	C:\WINDOWS\System32\bcryptPrimitives.dll
0x00007ffad7e30000 - 0x00007ffad7e58000 	C:\Program Files\Microsoft\jdk-11.0.20.8-hotspot\bin\java.dll
0x00007ffadd060000 - 0x00007ffadd06a000 	C:\Program Files\Microsoft\jdk-11.0.20.8-hotspot\bin\jimage.dll
0x00007ffad9840000 - 0x00007ffad9858000 	C:\Program Files\Microsoft\jdk-11.0.20.8-hotspot\bin\zip.dll
0x00007ffaee2b0000 - 0x00007ffaeead3000 	C:\WINDOWS\System32\SHELL32.dll
0x00007ffaea160000 - 0x00007ffaeaa4a000 	C:\WINDOWS\SYSTEM32\windows.storage.dll
0x00007ffaea020000 - 0x00007ffaea15e000 	C:\WINDOWS\SYSTEM32\wintypes.dll
0x00007ffaed860000 - 0x00007ffaed953000 	C:\WINDOWS\System32\SHCORE.dll
0x00007ffaece20000 - 0x00007ffaece7e000 	C:\WINDOWS\System32\shlwapi.dll
0x00007ffaec150000 - 0x00007ffaec176000 	C:\WINDOWS\SYSTEM32\profapi.dll
0x00007ffab19a0000 - 0x00007ffab19b9000 	C:\Program Files\Microsoft\jdk-11.0.20.8-hotspot\bin\net.dll
0x00007ffae35f0000 - 0x00007ffae3727000 	C:\WINDOWS\SYSTEM32\WINHTTP.dll
0x00007ffaeb6b0000 - 0x00007ffaeb719000 	C:\WINDOWS\system32\mswsock.dll
0x00007ffab1980000 - 0x00007ffab1993000 	C:\Program Files\Microsoft\jdk-11.0.20.8-hotspot\bin\nio.dll
0x00007ffa7f440000 - 0x00007ffa7f467000 	C:\Users\DEVADAS M\.gradle\native\68d5fa5c4cc2d200863cafc0d521ce42e7d3e7ee720ec0a83991735586a16f82\windows-amd64\native-platform.dll
0x00007ffaca5c0000 - 0x00007ffaca5c9000 	C:\Program Files\Microsoft\jdk-11.0.20.8-hotspot\bin\management.dll
0x00007ffac6e30000 - 0x00007ffac6e3b000 	C:\Program Files\Microsoft\jdk-11.0.20.8-hotspot\bin\management_ext.dll
0x00007ffaeb940000 - 0x00007ffaeb95b000 	C:\WINDOWS\SYSTEM32\CRYPTSP.dll
0x00007ffaeb1a0000 - 0x00007ffaeb1d5000 	C:\WINDOWS\system32\rsaenh.dll
0x00007ffaeb7c0000 - 0x00007ffaeb7ec000 	C:\WINDOWS\SYSTEM32\USERENV.dll
0x00007ffaebb00000 - 0x00007ffaebb28000 	C:\WINDOWS\SYSTEM32\bcrypt.dll
0x00007ffaeb960000 - 0x00007ffaeb96c000 	C:\WINDOWS\SYSTEM32\CRYPTBASE.dll
0x00007ffaeacb0000 - 0x00007ffaeacdd000 	C:\WINDOWS\SYSTEM32\IPHLPAPI.DLL
0x00007ffaed7d0000 - 0x00007ffaed7d9000 	C:\WINDOWS\System32\NSI.dll
0x00007ffae4220000 - 0x00007ffae4239000 	C:\WINDOWS\SYSTEM32\dhcpcsvc6.DLL
0x00007ffae31a0000 - 0x00007ffae31bf000 	C:\WINDOWS\SYSTEM32\dhcpcsvc.DLL
0x00007ffaeace0000 - 0x00007ffaeadd2000 	C:\WINDOWS\SYSTEM32\DNSAPI.dll

dbghelp: loaded successfully - version: 4.0.5 - missing functions: none
symbol engine: initialized successfully - sym options: 0x614 - pdb path: .;C:\Program Files\Microsoft\jdk-11.0.20.8-hotspot\bin;C:\WINDOWS\SYSTEM32;C:\WINDOWS\WinSxS\amd64_microsoft.windows.common-controls_6595b64144ccf1df_6.0.22621.2215_none_270d72677387dfc3;C:\Program Files\Microsoft\jdk-11.0.20.8-hotspot\bin\server;C:\Users\DEVADAS M\.gradle\native\68d5fa5c4cc2d200863cafc0d521ce42e7d3e7ee720ec0a83991735586a16f82\windows-amd64

VM Arguments:
jvm_args: -Xmx64m -Xms64m -Dorg.gradle.appname=gradlew 
java_command: org.gradle.wrapper.GradleWrapperMain tasks
java_class_path (initial): C:\Users\DEVADAS M\Desktop\app\EMIT\android\\gradle\wrapper\gradle-wrapper.jar
Launcher Type: SUN_STANDARD

[Global flags]
     intx CICompilerCount                          = 3                                         {product} {ergonomic}
     uint ConcGCThreads                            = 1                                         {product} {ergonomic}
     uint G1ConcRefinementThreads                  = 4                                         {product} {ergonomic}
   size_t G1HeapRegionSize                         = 1048576                                   {product} {ergonomic}
    uintx GCDrainStackTargetSize                   = 64                                        {product} {ergonomic}
   size_t InitialHeapSize                          = 67108864                                  {product} {command line}
   size_t MarkStackSize                            = 4194304                                   {product} {ergonomic}
   size_t MaxHeapSize                              = 67108864                                  {product} {command line}
   size_t MaxNewSize                               = 39845888                                  {product} {ergonomic}
   size_t MinHeapDeltaBytes                        = 1048576                                   {product} {ergonomic}
    uintx NonNMethodCodeHeapSize                   = 5830732                                {pd product} {ergonomic}
    uintx NonProfiledCodeHeapSize                  = 122913754                              {pd product} {ergonomic}
    uintx ProfiledCodeHeapSize                     = 122913754                              {pd product} {ergonomic}
    uintx ReservedCodeCacheSize                    = 251658240                              {pd product} {ergonomic}
     bool SegmentedCodeCache                       = true                                      {product} {ergonomic}
     bool UseCompressedClassPointers               = true                                 {lp64_product} {ergonomic}
     bool UseCompressedOops                        = true                                 {lp64_product} {ergonomic}
     bool UseG1GC                                  = true                                      {product} {ergonomic}
     bool UseLargePagesIndividualAllocation        = false                                  {pd product} {ergonomic}

Logging:
Log output configuration:
 #0: stdout all=warning uptime,level,tags
 #1: stderr all=off uptime,level,tags

Environment Variables:
JAVA_HOME=C:\Program Files\Microsoft\jdk-11.0.20.8-hotspot\
CLASSPATH=C:\Users\DEVADAS M\Desktop\app\EMIT\android\\gradle\wrapper\gradle-wrapper.jar
PATH=C:\Users\DEVADAS M\Desktop\app\EMIT\node_modules\.bin;C:\Users\DEVADAS M\Desktop\app\EMIT\node_modules\.bin;C:\Users\DEVADAS M\Desktop\app\node_modules\.bin;C:\Users\DEVADAS M\Desktop\node_modules\.bin;C:\Users\DEVADAS M\node_modules\.bin;C:\Users\node_modules\.bin;C:\node_modules\.bin;C:\Users\DEVADAS M\AppData\Roaming\npm\node_modules\npm\node_modules\@npmcli\run-script\lib\node-gyp-bin;C:\Program Files\Microsoft\jdk-11.0.20.8-hotspot\bin;C:\Program Files\Eclipse Adoptium\jdk-17.0.5.8-hotspot\bin;C:\WINDOWS\system32;C:\WINDOWS;C:\WINDOWS\System32\Wbem;C:\WINDOWS\System32\WindowsPowerShell\v1.0\;C:\WINDOWS\System32\OpenSSH\;C:\src\flutter\bin;C:\ProgramData\chocolatey\bin;C:\Program Files\nodejs\;C:\Users\DEVADAS M\AppData\Local\Microsoft\WindowsApps;C:\Users\DEVADAS M\spicetify-cli;C:\Users\DEVADAS M\AppData\Local\Microsoft\WindowsApps;C:\Users\DEVADAS M\AppData\Local\Programs\Microsoft VS Code\bin;C:\Users\DEVADAS M\AppData\Roaming\npm;C:\Users\DEVADAS M\AppData\Local\Android\Sdk\platform-tools_r34.0.3-windows;
USERNAME=DEVADAS M
LANG=en_US.UTF-8
OS=Windows_NT
PROCESSOR_IDENTIFIER=Intel64 Family 6 Model 142 Stepping 12, GenuineIntel
TMP=C:\Users\DEVADA~1\AppData\Local\Temp
TEMP=C:\Users\DEVADA~1\AppData\Local\Temp



---------------  S Y S T E M  ---------------

OS: Windows 11 , 64 bit Build 22621 (10.0.22621.2215)
OS uptime: 11 days 12:03 hours
Hyper-V role detected

CPU:total 4 (initial active 4) (2 cores per cpu, 2 threads per core) family 6 model 142 stepping 12 microcode 0xde, cmov, cx8, fxsr, mmx, sse, sse2, sse3, ssse3, sse4.1, sse4.2, popcnt, avx, avx2, aes, clmul, erms, 3dnowpref, lzcnt, ht, tsc, tscinvbit, bmi1, bmi2, adx, fma

Memory: 4k page, system-wide physical 3948M (188M free)
TotalPageFile size 16236M (AvailPageFile size 0M)
current process WorkingSet (physical memory assigned to process): 100M, peak: 100M
current process commit charge ("private bytes"): 156M, peak: 157M

vm_info: OpenJDK 64-Bit Server VM (11.0.20+8-LTS) for windows-amd64 JRE (11.0.20+8-LTS), built on Jul  7 2023 17:05:21 by "MicrosoftCorporation" with MS VC++ 15.9 (VS2017)

END.
